[2024-07-10 10:37:07] [INFO]    [OmnipathR] Welcome to OmnipathR!
[2024-07-10 10:37:07] [INFO]    [OmnipathR] OmnipathR version: 3.13.5
[2024-07-10 10:37:07] [TRACE]   [OmnipathR] Reading JSON from `/home/heyer/.cache/OmnipathR/cache.json` (encoding: UTF-8).
[2024-07-10 10:37:07] [TRACE]   [OmnipathR] JSON validation successful: TRUE
[2024-07-10 10:37:07] [INFO]    [OmnipathR] Initialized cache: `/home/heyer/.cache/OmnipathR`.
[2024-07-10 10:37:07] [TRACE]   [OmnipathR] Reading JSON from `/omics/groups/OE0436/internal/heyer/R_lib/OmnipathR/db/db_def.json` (encoding: UTF-8).
[2024-07-10 10:37:07] [TRACE]   [OmnipathR] JSON validation successful: TRUE
[2024-07-10 10:37:07] [TRACE]   [OmnipathR] Reading JSON from `/omics/groups/OE0436/internal/heyer/R_lib/OmnipathR/internal/magic_bytes.json` (encoding: UTF-8).
[2024-07-10 10:37:07] [TRACE]   [OmnipathR] JSON validation successful: TRUE
[2024-07-10 10:37:07] [TRACE]   [OmnipathR] Reading JSON from `/omics/groups/OE0436/internal/heyer/R_lib/OmnipathR/internal/urls.json` (encoding: UTF-8).
[2024-07-10 10:37:07] [TRACE]   [OmnipathR] JSON validation successful: TRUE
[2024-07-10 10:37:07] [TRACE]   [OmnipathR] Reading JSON from `/omics/groups/OE0436/internal/heyer/R_lib/OmnipathR/internal/id_types.json` (encoding: UTF-8).
[2024-07-10 10:37:07] [TRACE]   [OmnipathR] JSON validation successful: TRUE
[2024-07-10 10:37:08] [TRACE]   [OmnipathR] Reading JSON from `https://omnipathdb.org/resources` (encoding: UTF-8).
[2024-07-10 10:37:08] [TRACE]   [OmnipathR] JSON validation successful: TRUE
[2024-07-10 10:37:08] [INFO]    [OmnipathR] Loading database `Ensembl and OMA organism names`.
[2024-07-10 10:37:08] [INFO]    [OmnipathR] Looking up in cache `https://www.ensembl.org/info/about/species.html`: key=7332486db7400730697234bad76ca0c8e4d00799, latest version=1.
[2024-07-10 10:37:08] [TRACE]   [OmnipathR] Cache file path: /home/heyer/.cache/OmnipathR/7332486db7400730697234bad76ca0c8e4d00799-1.html
[2024-07-10 10:37:09] [TRACE]   [OmnipathR] Looking up in cache: `https://omabrowser.org/All/oma-species.txt`.
[2024-07-10 10:37:09] [TRACE]   [OmnipathR] Loaded data from RDS `/home/heyer/.cache/OmnipathR/30e690cbb55dfc63b5903ab337f34ffc2f4be397-1.rds`.
[2024-07-10 10:37:09] [INFO]    [OmnipathR] Loaded database `Ensembl and OMA organism names`.
[2024-07-10 10:37:09] [TRACE]   [OmnipathR] Organism(s): 9606
[2024-07-10 10:37:09] [TRACE]   [OmnipathR] Orthology targets: 
[2024-07-10 10:37:09] [TRACE]   [OmnipathR] Reading JSON from `https://omnipathdb.org/resources` (encoding: UTF-8).
[2024-07-10 10:37:09] [TRACE]   [OmnipathR] JSON validation successful: TRUE
[2024-07-10 10:37:09] [TRACE]   [OmnipathR] Looking up in cache: `https://omnipathdb.org/annotations?resources=PROGENy&license=academic`
[2024-07-10 10:37:11] [TRACE]   [OmnipathR] Loaded data from RDS `/home/heyer/.cache/OmnipathR/3492392585ba05414edfae46801492076437d7e7-1.rds`.
[2024-07-10 10:37:11] [INFO]    [OmnipathR] Loaded from cache: `https://omnipathdb.org/annotations?resources=PROGENy&license=academic`
[2024-07-10 10:37:11] [SUCCESS] [OmnipathR] Loaded 700257 annotation records from cache.
[2024-07-10 10:37:13] [INFO]    [OmnipathR] Loading database `Orthologous Matrix (OMA) gene pairs`.
[2024-07-10 10:37:13] [TRACE]   [OmnipathR] Looking up in cache: `https://omabrowser.org/All/oma-species.txt`.
[2024-07-10 10:37:13] [TRACE]   [OmnipathR] Loaded data from RDS `/home/heyer/.cache/OmnipathR/30e690cbb55dfc63b5903ab337f34ffc2f4be397-1.rds`.
[2024-07-10 10:37:13] [TRACE]   [OmnipathR] Looking up in cache: `https://omabrowser.org/All/oma-species.txt`.
[2024-07-10 10:37:13] [TRACE]   [OmnipathR] Loaded data from RDS `/home/heyer/.cache/OmnipathR/30e690cbb55dfc63b5903ab337f34ffc2f4be397-1.rds`.
[2024-07-10 10:37:13] [TRACE]   [OmnipathR] Looking up in cache: `https://omabrowser.org/api/pairs/HUMAN/MOUSE/?format=tsv&xrefs=UniProtKB%2FSwissProt&per_page=2000000`.
[2024-07-10 10:37:13] [TRACE]   [OmnipathR] Loaded data from RDS `/home/heyer/.cache/OmnipathR/8f45b25c384d814c7de210e7ca40b7e35894e4f1-1.rds`.
[2024-07-10 10:37:13] [TRACE]   [OmnipathR] ID translation table: from `uniprot_entry` to `uniprot`, using `uniprot`.
[2024-07-10 10:37:13] [TRACE]   [OmnipathR] Creating ID mapping table from `id` to `accession`, for organism 9606 (only reviewed: TRUE)
[2024-07-10 10:37:13] [TRACE]   [OmnipathR] Loading all UniProt records for organism 9606 (only reviewed: TRUE); fields: id,accession
[2024-07-10 10:37:13] [TRACE]   [OmnipathR] Looking up in cache: `https://rest.uniprot.org/uniprotkb/stream?format=tsv&fields=id,accession&query=organism_id:9606%20AND%20reviewed:true`.
[2024-07-10 10:37:13] [TRACE]   [OmnipathR] Loaded data from RDS `/home/heyer/.cache/OmnipathR/6558a1824894a625b8e3f80538cd3aa6e8a44379-1.rds`.
[2024-07-10 10:37:13] [SUCCESS] [OmnipathR] UniProt (rest.uniprot.org): loaded 20435 records from cache
[2024-07-10 10:37:14] [TRACE]   [OmnipathR] ID translation table: from `uniprot_entry` to `uniprot`, using `uniprot`.
[2024-07-10 10:37:14] [TRACE]   [OmnipathR] Creating ID mapping table from `id` to `accession`, for organism 10090 (only reviewed: TRUE)
[2024-07-10 10:37:14] [TRACE]   [OmnipathR] Loading all UniProt records for organism 10090 (only reviewed: TRUE); fields: id,accession
[2024-07-10 10:37:14] [TRACE]   [OmnipathR] Looking up in cache: `https://rest.uniprot.org/uniprotkb/stream?format=tsv&fields=id,accession&query=organism_id:10090%20AND%20reviewed:true`.
[2024-07-10 10:37:15] [TRACE]   [OmnipathR] Loaded data from RDS `/home/heyer/.cache/OmnipathR/43ea5f2cdaa9ac7e0e114371af97235cdddd776f-1.rds`.
[2024-07-10 10:37:15] [SUCCESS] [OmnipathR] UniProt (rest.uniprot.org): loaded 17212 records from cache
[2024-07-10 10:37:15] [INFO]    [OmnipathR] Loaded database `Orthologous Matrix (OMA) gene pairs`.
[2024-07-10 10:37:15] [TRACE]   [OmnipathR] ID translation table: from `uniprot` to `genesymbol`, using `uniprot`.
[2024-07-10 10:37:15] [TRACE]   [OmnipathR] Creating ID mapping table from `accession` to `gene_primary`, for organism 10090 (only reviewed: TRUE)
[2024-07-10 10:37:15] [TRACE]   [OmnipathR] Loading all UniProt records for organism 10090 (only reviewed: TRUE); fields: accession,gene_primary
[2024-07-10 10:37:15] [TRACE]   [OmnipathR] Looking up in cache: `https://rest.uniprot.org/uniprotkb/stream?format=tsv&fields=accession,gene_primary&query=organism_id:10090%20AND%20reviewed:true`.
[2024-07-10 10:37:15] [TRACE]   [OmnipathR] Loaded data from RDS `/home/heyer/.cache/OmnipathR/3ec84ba713c02573704adb50f1a94dab684df34b-1.rds`.
[2024-07-10 10:37:15] [SUCCESS] [OmnipathR] UniProt (rest.uniprot.org): loaded 17167 records from cache
[2024-07-10 10:42:21] [TRACE]   [OmnipathR] Removing database `Orthologous Matrix (OMA) gene pairs` (not used in the past 300 seconds)
[2024-07-10 10:42:23] [TRACE]   [OmnipathR] Reading JSON from `https://omnipathdb.org/resources` (encoding: UTF-8).
[2024-07-10 10:42:23] [TRACE]   [OmnipathR] JSON validation successful: TRUE
[2024-07-10 10:42:24] [TRACE]   [OmnipathR] Organism(s): 9606
[2024-07-10 10:42:24] [TRACE]   [OmnipathR] Orthology targets: 
[2024-07-10 10:42:24] [TRACE]   [OmnipathR] Reading JSON from `https://omnipathdb.org/resources` (encoding: UTF-8).
[2024-07-10 10:42:24] [TRACE]   [OmnipathR] JSON validation successful: TRUE
[2024-07-10 10:42:24] [TRACE]   [OmnipathR] Looking up in cache: `https://omnipathdb.org/annotations?resources=PROGENy&license=academic`
[2024-07-10 10:42:25] [TRACE]   [OmnipathR] Loaded data from RDS `/home/heyer/.cache/OmnipathR/3492392585ba05414edfae46801492076437d7e7-1.rds`.
[2024-07-10 10:42:25] [INFO]    [OmnipathR] Loaded from cache: `https://omnipathdb.org/annotations?resources=PROGENy&license=academic`
[2024-07-10 10:42:25] [SUCCESS] [OmnipathR] Loaded 700257 annotation records from cache.
[2024-07-10 10:42:27] [INFO]    [OmnipathR] Loading database `Orthologous Matrix (OMA) gene pairs`.
[2024-07-10 10:42:27] [TRACE]   [OmnipathR] Looking up in cache: `https://omabrowser.org/All/oma-species.txt`.
[2024-07-10 10:42:27] [TRACE]   [OmnipathR] Loaded data from RDS `/home/heyer/.cache/OmnipathR/30e690cbb55dfc63b5903ab337f34ffc2f4be397-1.rds`.
[2024-07-10 10:42:27] [TRACE]   [OmnipathR] Looking up in cache: `https://omabrowser.org/All/oma-species.txt`.
[2024-07-10 10:42:27] [TRACE]   [OmnipathR] Loaded data from RDS `/home/heyer/.cache/OmnipathR/30e690cbb55dfc63b5903ab337f34ffc2f4be397-1.rds`.
[2024-07-10 10:42:27] [TRACE]   [OmnipathR] Looking up in cache: `https://omabrowser.org/api/pairs/HUMAN/MOUSE/?format=tsv&xrefs=UniProtKB%2FSwissProt&per_page=2000000`.
[2024-07-10 10:42:27] [TRACE]   [OmnipathR] Loaded data from RDS `/home/heyer/.cache/OmnipathR/8f45b25c384d814c7de210e7ca40b7e35894e4f1-1.rds`.
[2024-07-10 10:42:27] [TRACE]   [OmnipathR] ID translation table: from `uniprot_entry` to `uniprot`, using `uniprot`.
[2024-07-10 10:42:28] [TRACE]   [OmnipathR] Creating ID mapping table from `id` to `accession`, for organism 9606 (only reviewed: TRUE)
[2024-07-10 10:42:28] [TRACE]   [OmnipathR] Loading all UniProt records for organism 9606 (only reviewed: TRUE); fields: id,accession
[2024-07-10 10:42:28] [TRACE]   [OmnipathR] Looking up in cache: `https://rest.uniprot.org/uniprotkb/stream?format=tsv&fields=id,accession&query=organism_id:9606%20AND%20reviewed:true`.
[2024-07-10 10:42:28] [TRACE]   [OmnipathR] Loaded data from RDS `/home/heyer/.cache/OmnipathR/6558a1824894a625b8e3f80538cd3aa6e8a44379-1.rds`.
[2024-07-10 10:42:28] [SUCCESS] [OmnipathR] UniProt (rest.uniprot.org): loaded 20435 records from cache
[2024-07-10 10:42:28] [TRACE]   [OmnipathR] ID translation table: from `uniprot_entry` to `uniprot`, using `uniprot`.
[2024-07-10 10:42:28] [TRACE]   [OmnipathR] Creating ID mapping table from `id` to `accession`, for organism 10090 (only reviewed: TRUE)
[2024-07-10 10:42:28] [TRACE]   [OmnipathR] Loading all UniProt records for organism 10090 (only reviewed: TRUE); fields: id,accession
[2024-07-10 10:42:28] [TRACE]   [OmnipathR] Looking up in cache: `https://rest.uniprot.org/uniprotkb/stream?format=tsv&fields=id,accession&query=organism_id:10090%20AND%20reviewed:true`.
[2024-07-10 10:42:28] [TRACE]   [OmnipathR] Loaded data from RDS `/home/heyer/.cache/OmnipathR/43ea5f2cdaa9ac7e0e114371af97235cdddd776f-1.rds`.
[2024-07-10 10:42:28] [SUCCESS] [OmnipathR] UniProt (rest.uniprot.org): loaded 17212 records from cache
[2024-07-10 10:42:29] [INFO]    [OmnipathR] Loaded database `Orthologous Matrix (OMA) gene pairs`.
[2024-07-10 10:42:29] [TRACE]   [OmnipathR] ID translation table: from `uniprot` to `genesymbol`, using `uniprot`.
[2024-07-10 10:42:29] [TRACE]   [OmnipathR] Creating ID mapping table from `accession` to `gene_primary`, for organism 10090 (only reviewed: TRUE)
[2024-07-10 10:42:29] [TRACE]   [OmnipathR] Loading all UniProt records for organism 10090 (only reviewed: TRUE); fields: accession,gene_primary
[2024-07-10 10:42:29] [TRACE]   [OmnipathR] Looking up in cache: `https://rest.uniprot.org/uniprotkb/stream?format=tsv&fields=accession,gene_primary&query=organism_id:10090%20AND%20reviewed:true`.
[2024-07-10 10:42:29] [TRACE]   [OmnipathR] Loaded data from RDS `/home/heyer/.cache/OmnipathR/3ec84ba713c02573704adb50f1a94dab684df34b-1.rds`.
[2024-07-10 10:42:29] [SUCCESS] [OmnipathR] UniProt (rest.uniprot.org): loaded 17167 records from cache
[2024-07-10 10:47:34] [TRACE]   [OmnipathR] Removing database `Orthologous Matrix (OMA) gene pairs` (not used in the past 300 seconds)
[2024-07-10 13:42:32] [TRACE]   [OmnipathR] Removing database `Ensembl and OMA organism names` (not used in the past 10800 seconds)
