[2024-01-30 16:58:42] [INFO]    [OmnipathR] Welcome to OmnipathR!
[2024-01-30 16:58:42] [TRACE]   [OmnipathR] Reading JSON from `/home/heyer/.cache/OmnipathR/cache.json` (encoding: UTF-8).
[2024-01-30 16:58:42] [TRACE]   [OmnipathR] JSON validation successful: TRUE
[2024-01-30 16:58:42] [INFO]    [OmnipathR] Initialized cache: `/home/heyer/.cache/OmnipathR`.
[2024-01-30 16:58:42] [TRACE]   [OmnipathR] Reading JSON from `/omics/groups/OE0436/internal/heyer/R_lib/OmnipathR/db/db_def.json` (encoding: UTF-8).
[2024-01-30 16:58:42] [TRACE]   [OmnipathR] JSON validation successful: TRUE
[2024-01-30 16:58:42] [TRACE]   [OmnipathR] Reading JSON from `/omics/groups/OE0436/internal/heyer/R_lib/OmnipathR/internal/magic_bytes.json` (encoding: UTF-8).
[2024-01-30 16:58:42] [TRACE]   [OmnipathR] JSON validation successful: TRUE
[2024-01-30 16:58:42] [TRACE]   [OmnipathR] Reading JSON from `/omics/groups/OE0436/internal/heyer/R_lib/OmnipathR/internal/urls.json` (encoding: UTF-8).
[2024-01-30 16:58:42] [TRACE]   [OmnipathR] JSON validation successful: TRUE
[2024-01-30 16:58:42] [TRACE]   [OmnipathR] Reading JSON from `/omics/groups/OE0436/internal/heyer/R_lib/OmnipathR/internal/id_types.json` (encoding: UTF-8).
[2024-01-30 16:58:42] [TRACE]   [OmnipathR] JSON validation successful: TRUE
[2024-01-30 16:58:42] [INFO]    [OmnipathR] Loading database `Ensembl and OMA organism names`.
[2024-01-30 16:58:42] [INFO]    [OmnipathR] Looking up in cache `https://www.ensembl.org/info/about/species.html`: key=7332486db7400730697234bad76ca0c8e4d00799, latest version=1.
[2024-01-30 16:58:42] [TRACE]   [OmnipathR] Cache file path: /home/heyer/.cache/OmnipathR/7332486db7400730697234bad76ca0c8e4d00799-1.html
[2024-01-30 16:58:42] [TRACE]   [OmnipathR] Looking up in cache: `https://omabrowser.org/All/oma-species.txt`.
[2024-01-30 16:58:42] [TRACE]   [OmnipathR] Loaded data from RDS `/home/heyer/.cache/OmnipathR/30e690cbb55dfc63b5903ab337f34ffc2f4be397-1.rds`.
[2024-01-30 16:58:42] [INFO]    [OmnipathR] Loaded database `Ensembl and OMA organism names`.
[2024-01-30 16:58:43] [TRACE]   [OmnipathR] Looking up in cache: `https://omnipathdb.org/interactions?genesymbols=yes&datasets=collectri&organisms=10090&dorothea_levels=A,B&fields=evidences,sources,references,curation_effort&loops=yes&license=academic`
[2024-01-30 16:58:43] [TRACE]   [OmnipathR] Loaded data from RDS `/home/heyer/.cache/OmnipathR/107896962c7d5fc50d4cbc51809a591cd50bb105-1.rds`.
[2024-01-30 16:58:43] [INFO]    [OmnipathR] Loaded from cache: `https://omnipathdb.org/interactions?genesymbols=yes&datasets=collectri&organisms=10090&dorothea_levels=A,B&fields=evidences,sources,references,curation_effort&loops=yes&license=academic`
[2024-01-30 16:58:43] [TRACE]   [OmnipathR] Converting JSON column `evidences` to list.
[2024-01-30 16:58:46] [TRACE]   [OmnipathR] Restricting interaction records to datasets: collectri; and resources: any
[2024-01-30 16:58:48] [TRACE]   [OmnipathR] Filtering evidence columns: positive, negative, directed, undirected; to datasets: collectri; and resources: any
[2024-01-30 16:59:21] [SUCCESS] [OmnipathR] Downloaded 38823 interactions.
[2024-01-30 17:01:30] [TRACE]   [OmnipathR] Looking up in cache: `https://omnipathdb.org/interactions?genesymbols=yes&datasets=collectri&organisms=10090&dorothea_levels=A,B&fields=evidences,sources,references,curation_effort&loops=yes&license=academic`
[2024-01-30 17:01:30] [TRACE]   [OmnipathR] Loaded data from RDS `/home/heyer/.cache/OmnipathR/107896962c7d5fc50d4cbc51809a591cd50bb105-1.rds`.
[2024-01-30 17:01:30] [INFO]    [OmnipathR] Loaded from cache: `https://omnipathdb.org/interactions?genesymbols=yes&datasets=collectri&organisms=10090&dorothea_levels=A,B&fields=evidences,sources,references,curation_effort&loops=yes&license=academic`
[2024-01-30 17:01:30] [TRACE]   [OmnipathR] Converting JSON column `evidences` to list.
[2024-01-30 17:01:32] [TRACE]   [OmnipathR] Restricting interaction records to datasets: collectri; and resources: any
[2024-01-30 17:01:34] [TRACE]   [OmnipathR] Filtering evidence columns: positive, negative, directed, undirected; to datasets: collectri; and resources: any
[2024-01-30 17:02:10] [SUCCESS] [OmnipathR] Downloaded 38823 interactions.
[2024-01-30 17:17:17] [TRACE]   [OmnipathR] Reading JSON from `https://omnipathdb.org/resources` (encoding: UTF-8).
[2024-01-30 17:17:17] [TRACE]   [OmnipathR] JSON validation successful: TRUE
[2024-01-30 17:17:17] [TRACE]   [OmnipathR] Reading JSON from `https://omnipathdb.org/resources` (encoding: UTF-8).
[2024-01-30 17:17:17] [TRACE]   [OmnipathR] JSON validation successful: TRUE
[2024-01-30 17:17:17] [TRACE]   [OmnipathR] Looking up in cache: `https://omnipathdb.org/annotations?resources=PROGENy&license=academic`
[2024-01-30 17:17:19] [TRACE]   [OmnipathR] Loaded data from RDS `/home/heyer/.cache/OmnipathR/3492392585ba05414edfae46801492076437d7e7-1.rds`.
[2024-01-30 17:17:19] [INFO]    [OmnipathR] Loaded from cache: `https://omnipathdb.org/annotations?resources=PROGENy&license=academic`
[2024-01-30 17:17:19] [SUCCESS] [OmnipathR] Loaded 700257 annotation records from cache.
[2024-01-30 17:17:21] [INFO]    [OmnipathR] Loading database `Orthologous Matrix (OMA) gene pairs`.
[2024-01-30 17:17:21] [TRACE]   [OmnipathR] Looking up in cache: `https://omabrowser.org/cgi-bin/gateway.pl?f=PairwiseOrthologs&p1=HUMAN&p2=MOUSE&p3=UniProt`.
[2024-01-30 17:17:21] [TRACE]   [OmnipathR] Loaded data from RDS `/home/heyer/.cache/OmnipathR/793353c9f6658b9d85f18fc09a6b36ba7f0d71db-1.rds`.
[2024-01-30 17:17:21] [INFO]    [OmnipathR] Loaded database `Orthologous Matrix (OMA) gene pairs`.
[2024-01-30 17:17:21] [TRACE]   [OmnipathR] ID translation table: from `uniprot` to `genesymbol`, using `uniprot`.
[2024-01-30 17:17:21] [TRACE]   [OmnipathR] Creating ID mapping table from `accession` to `gene_primary`, for organism 10090 (only reviewed: TRUE)
[2024-01-30 17:17:21] [TRACE]   [OmnipathR] Loading all UniProt records for organism 10090 (only reviewed: TRUE); fields: accession,gene_primary
[2024-01-30 17:17:22] [TRACE]   [OmnipathR] Looking up in cache: `https://rest.uniprot.org/uniprotkb/stream?format=tsv&fields=accession,gene_primary&query=organism_id:10090%20AND%20reviewed:true`.
[2024-01-30 17:17:22] [TRACE]   [OmnipathR] Loaded data from RDS `/home/heyer/.cache/OmnipathR/3ec84ba713c02573704adb50f1a94dab684df34b-1.rds`.
[2024-01-30 17:17:22] [SUCCESS] [OmnipathR] UniProt (rest.uniprot.org): loaded 17167 records from cache
[2024-01-30 17:17:28] [TRACE]   [OmnipathR] Reading JSON from `https://omnipathdb.org/resources` (encoding: UTF-8).
[2024-01-30 17:17:28] [TRACE]   [OmnipathR] JSON validation successful: TRUE
[2024-01-30 17:17:28] [TRACE]   [OmnipathR] Reading JSON from `https://omnipathdb.org/resources` (encoding: UTF-8).
[2024-01-30 17:17:28] [TRACE]   [OmnipathR] JSON validation successful: TRUE
[2024-01-30 17:17:28] [TRACE]   [OmnipathR] Looking up in cache: `https://omnipathdb.org/annotations?resources=PROGENy&license=academic`
[2024-01-30 17:17:29] [TRACE]   [OmnipathR] Loaded data from RDS `/home/heyer/.cache/OmnipathR/3492392585ba05414edfae46801492076437d7e7-1.rds`.
[2024-01-30 17:17:29] [INFO]    [OmnipathR] Loaded from cache: `https://omnipathdb.org/annotations?resources=PROGENy&license=academic`
[2024-01-30 17:17:30] [SUCCESS] [OmnipathR] Loaded 700257 annotation records from cache.
[2024-01-30 17:17:31] [TRACE]   [OmnipathR] ID translation table: from `uniprot` to `genesymbol`, using `uniprot`.
[2024-01-30 17:17:31] [TRACE]   [OmnipathR] Creating ID mapping table from `accession` to `gene_primary`, for organism 10090 (only reviewed: TRUE)
[2024-01-30 17:17:31] [TRACE]   [OmnipathR] Loading all UniProt records for organism 10090 (only reviewed: TRUE); fields: accession,gene_primary
[2024-01-30 17:17:31] [TRACE]   [OmnipathR] Looking up in cache: `https://rest.uniprot.org/uniprotkb/stream?format=tsv&fields=accession,gene_primary&query=organism_id:10090%20AND%20reviewed:true`.
[2024-01-30 17:17:31] [TRACE]   [OmnipathR] Loaded data from RDS `/home/heyer/.cache/OmnipathR/3ec84ba713c02573704adb50f1a94dab684df34b-1.rds`.
[2024-01-30 17:17:31] [SUCCESS] [OmnipathR] UniProt (rest.uniprot.org): loaded 17167 records from cache
[2024-01-30 17:22:20] [TRACE]   [OmnipathR] Reading JSON from `https://omnipathdb.org/resources` (encoding: UTF-8).
[2024-01-30 17:22:20] [TRACE]   [OmnipathR] JSON validation successful: TRUE
[2024-01-30 17:22:21] [TRACE]   [OmnipathR] Reading JSON from `https://omnipathdb.org/resources` (encoding: UTF-8).
[2024-01-30 17:22:21] [TRACE]   [OmnipathR] JSON validation successful: TRUE
[2024-01-30 17:22:21] [TRACE]   [OmnipathR] Looking up in cache: `https://omnipathdb.org/annotations?resources=PROGENy&license=academic`
[2024-01-30 17:22:24] [TRACE]   [OmnipathR] Loaded data from RDS `/home/heyer/.cache/OmnipathR/3492392585ba05414edfae46801492076437d7e7-1.rds`.
[2024-01-30 17:22:24] [INFO]    [OmnipathR] Loaded from cache: `https://omnipathdb.org/annotations?resources=PROGENy&license=academic`
[2024-01-30 17:22:24] [SUCCESS] [OmnipathR] Loaded 700257 annotation records from cache.
[2024-01-30 17:22:26] [TRACE]   [OmnipathR] ID translation table: from `uniprot` to `genesymbol`, using `uniprot`.
[2024-01-30 17:22:26] [TRACE]   [OmnipathR] Creating ID mapping table from `accession` to `gene_primary`, for organism 10090 (only reviewed: TRUE)
[2024-01-30 17:22:26] [TRACE]   [OmnipathR] Loading all UniProt records for organism 10090 (only reviewed: TRUE); fields: accession,gene_primary
[2024-01-30 17:22:26] [TRACE]   [OmnipathR] Looking up in cache: `https://rest.uniprot.org/uniprotkb/stream?format=tsv&fields=accession,gene_primary&query=organism_id:10090%20AND%20reviewed:true`.
[2024-01-30 17:22:26] [TRACE]   [OmnipathR] Loaded data from RDS `/home/heyer/.cache/OmnipathR/3ec84ba713c02573704adb50f1a94dab684df34b-1.rds`.
[2024-01-30 17:22:26] [SUCCESS] [OmnipathR] UniProt (rest.uniprot.org): loaded 17167 records from cache
[2024-01-30 17:27:31] [TRACE]   [OmnipathR] Removing database `Orthologous Matrix (OMA) gene pairs` (not used in the past 300 seconds)
[2024-01-30 17:45:22] [TRACE]   [OmnipathR] Reading JSON from `https://omnipathdb.org/resources` (encoding: UTF-8).
[2024-01-30 17:45:22] [TRACE]   [OmnipathR] JSON validation successful: TRUE
[2024-01-30 17:45:23] [TRACE]   [OmnipathR] Reading JSON from `https://omnipathdb.org/resources` (encoding: UTF-8).
[2024-01-30 17:45:23] [TRACE]   [OmnipathR] JSON validation successful: TRUE
[2024-01-30 17:45:23] [TRACE]   [OmnipathR] Looking up in cache: `https://omnipathdb.org/annotations?resources=PROGENy&license=academic`
[2024-01-30 17:45:24] [TRACE]   [OmnipathR] Loaded data from RDS `/home/heyer/.cache/OmnipathR/3492392585ba05414edfae46801492076437d7e7-1.rds`.
[2024-01-30 17:45:24] [INFO]    [OmnipathR] Loaded from cache: `https://omnipathdb.org/annotations?resources=PROGENy&license=academic`
[2024-01-30 17:45:24] [SUCCESS] [OmnipathR] Loaded 700257 annotation records from cache.
[2024-01-30 17:45:25] [INFO]    [OmnipathR] Loading database `Orthologous Matrix (OMA) gene pairs`.
[2024-01-30 17:45:25] [TRACE]   [OmnipathR] Looking up in cache: `https://omabrowser.org/cgi-bin/gateway.pl?f=PairwiseOrthologs&p1=HUMAN&p2=MOUSE&p3=UniProt`.
[2024-01-30 17:45:25] [TRACE]   [OmnipathR] Loaded data from RDS `/home/heyer/.cache/OmnipathR/793353c9f6658b9d85f18fc09a6b36ba7f0d71db-1.rds`.
[2024-01-30 17:45:25] [INFO]    [OmnipathR] Loaded database `Orthologous Matrix (OMA) gene pairs`.
[2024-01-30 17:45:25] [TRACE]   [OmnipathR] ID translation table: from `uniprot` to `genesymbol`, using `uniprot`.
[2024-01-30 17:45:25] [TRACE]   [OmnipathR] Creating ID mapping table from `accession` to `gene_primary`, for organism 10090 (only reviewed: TRUE)
[2024-01-30 17:45:25] [TRACE]   [OmnipathR] Loading all UniProt records for organism 10090 (only reviewed: TRUE); fields: accession,gene_primary
[2024-01-30 17:45:25] [TRACE]   [OmnipathR] Looking up in cache: `https://rest.uniprot.org/uniprotkb/stream?format=tsv&fields=accession,gene_primary&query=organism_id:10090%20AND%20reviewed:true`.
[2024-01-30 17:45:26] [TRACE]   [OmnipathR] Loaded data from RDS `/home/heyer/.cache/OmnipathR/3ec84ba713c02573704adb50f1a94dab684df34b-1.rds`.
[2024-01-30 17:45:26] [SUCCESS] [OmnipathR] UniProt (rest.uniprot.org): loaded 17167 records from cache
[2024-01-30 17:45:55] [TRACE]   [OmnipathR] Reading JSON from `https://omnipathdb.org/resources` (encoding: UTF-8).
[2024-01-30 17:45:55] [TRACE]   [OmnipathR] JSON validation successful: TRUE
[2024-01-30 17:45:55] [TRACE]   [OmnipathR] Reading JSON from `https://omnipathdb.org/resources` (encoding: UTF-8).
[2024-01-30 17:45:55] [TRACE]   [OmnipathR] JSON validation successful: TRUE
[2024-01-30 17:45:55] [TRACE]   [OmnipathR] Looking up in cache: `https://omnipathdb.org/annotations?resources=PROGENy&license=academic`
[2024-01-30 17:45:56] [TRACE]   [OmnipathR] Loaded data from RDS `/home/heyer/.cache/OmnipathR/3492392585ba05414edfae46801492076437d7e7-1.rds`.
[2024-01-30 17:45:56] [INFO]    [OmnipathR] Loaded from cache: `https://omnipathdb.org/annotations?resources=PROGENy&license=academic`
[2024-01-30 17:45:56] [SUCCESS] [OmnipathR] Loaded 700257 annotation records from cache.
[2024-01-30 17:45:58] [TRACE]   [OmnipathR] ID translation table: from `uniprot` to `genesymbol`, using `uniprot`.
[2024-01-30 17:45:58] [TRACE]   [OmnipathR] Creating ID mapping table from `accession` to `gene_primary`, for organism 10090 (only reviewed: TRUE)
[2024-01-30 17:45:58] [TRACE]   [OmnipathR] Loading all UniProt records for organism 10090 (only reviewed: TRUE); fields: accession,gene_primary
[2024-01-30 17:45:58] [TRACE]   [OmnipathR] Looking up in cache: `https://rest.uniprot.org/uniprotkb/stream?format=tsv&fields=accession,gene_primary&query=organism_id:10090%20AND%20reviewed:true`.
[2024-01-30 17:45:58] [TRACE]   [OmnipathR] Loaded data from RDS `/home/heyer/.cache/OmnipathR/3ec84ba713c02573704adb50f1a94dab684df34b-1.rds`.
[2024-01-30 17:45:58] [SUCCESS] [OmnipathR] UniProt (rest.uniprot.org): loaded 17167 records from cache
[2024-01-30 17:46:34] [TRACE]   [OmnipathR] Reading JSON from `https://omnipathdb.org/resources` (encoding: UTF-8).
[2024-01-30 17:46:34] [TRACE]   [OmnipathR] JSON validation successful: TRUE
[2024-01-30 17:46:34] [TRACE]   [OmnipathR] Reading JSON from `https://omnipathdb.org/resources` (encoding: UTF-8).
[2024-01-30 17:46:34] [TRACE]   [OmnipathR] JSON validation successful: TRUE
[2024-01-30 17:46:34] [TRACE]   [OmnipathR] Looking up in cache: `https://omnipathdb.org/annotations?resources=PROGENy&license=academic`
[2024-01-30 17:46:36] [TRACE]   [OmnipathR] Loaded data from RDS `/home/heyer/.cache/OmnipathR/3492392585ba05414edfae46801492076437d7e7-1.rds`.
[2024-01-30 17:46:36] [INFO]    [OmnipathR] Loaded from cache: `https://omnipathdb.org/annotations?resources=PROGENy&license=academic`
[2024-01-30 17:46:36] [SUCCESS] [OmnipathR] Loaded 700257 annotation records from cache.
[2024-01-30 17:46:37] [TRACE]   [OmnipathR] ID translation table: from `uniprot` to `genesymbol`, using `uniprot`.
[2024-01-30 17:46:37] [TRACE]   [OmnipathR] Creating ID mapping table from `accession` to `gene_primary`, for organism 10090 (only reviewed: TRUE)
[2024-01-30 17:46:37] [TRACE]   [OmnipathR] Loading all UniProt records for organism 10090 (only reviewed: TRUE); fields: accession,gene_primary
[2024-01-30 17:46:37] [TRACE]   [OmnipathR] Looking up in cache: `https://rest.uniprot.org/uniprotkb/stream?format=tsv&fields=accession,gene_primary&query=organism_id:10090%20AND%20reviewed:true`.
[2024-01-30 17:46:37] [TRACE]   [OmnipathR] Loaded data from RDS `/home/heyer/.cache/OmnipathR/3ec84ba713c02573704adb50f1a94dab684df34b-1.rds`.
[2024-01-30 17:46:37] [SUCCESS] [OmnipathR] UniProt (rest.uniprot.org): loaded 17167 records from cache
[2024-01-30 17:51:42] [TRACE]   [OmnipathR] Removing database `Orthologous Matrix (OMA) gene pairs` (not used in the past 300 seconds)
[2024-01-30 18:04:50] [TRACE]   [OmnipathR] Reading JSON from `https://omnipathdb.org/resources` (encoding: UTF-8).
[2024-01-30 18:04:50] [TRACE]   [OmnipathR] JSON validation successful: TRUE
[2024-01-30 18:04:50] [TRACE]   [OmnipathR] Reading JSON from `https://omnipathdb.org/resources` (encoding: UTF-8).
[2024-01-30 18:04:50] [TRACE]   [OmnipathR] JSON validation successful: TRUE
[2024-01-30 18:04:50] [TRACE]   [OmnipathR] Looking up in cache: `https://omnipathdb.org/annotations?resources=PROGENy&license=academic`
[2024-01-30 18:04:52] [TRACE]   [OmnipathR] Loaded data from RDS `/home/heyer/.cache/OmnipathR/3492392585ba05414edfae46801492076437d7e7-1.rds`.
[2024-01-30 18:04:52] [INFO]    [OmnipathR] Loaded from cache: `https://omnipathdb.org/annotations?resources=PROGENy&license=academic`
[2024-01-30 18:04:52] [SUCCESS] [OmnipathR] Loaded 700257 annotation records from cache.
[2024-01-30 18:04:53] [INFO]    [OmnipathR] Loading database `Orthologous Matrix (OMA) gene pairs`.
[2024-01-30 18:04:53] [TRACE]   [OmnipathR] Looking up in cache: `https://omabrowser.org/cgi-bin/gateway.pl?f=PairwiseOrthologs&p1=HUMAN&p2=MOUSE&p3=UniProt`.
[2024-01-30 18:04:53] [TRACE]   [OmnipathR] Loaded data from RDS `/home/heyer/.cache/OmnipathR/793353c9f6658b9d85f18fc09a6b36ba7f0d71db-1.rds`.
[2024-01-30 18:04:53] [INFO]    [OmnipathR] Loaded database `Orthologous Matrix (OMA) gene pairs`.
[2024-01-30 18:04:53] [TRACE]   [OmnipathR] ID translation table: from `uniprot` to `genesymbol`, using `uniprot`.
[2024-01-30 18:04:53] [TRACE]   [OmnipathR] Creating ID mapping table from `accession` to `gene_primary`, for organism 10090 (only reviewed: TRUE)
[2024-01-30 18:04:53] [TRACE]   [OmnipathR] Loading all UniProt records for organism 10090 (only reviewed: TRUE); fields: accession,gene_primary
[2024-01-30 18:04:53] [TRACE]   [OmnipathR] Looking up in cache: `https://rest.uniprot.org/uniprotkb/stream?format=tsv&fields=accession,gene_primary&query=organism_id:10090%20AND%20reviewed:true`.
[2024-01-30 18:04:53] [TRACE]   [OmnipathR] Loaded data from RDS `/home/heyer/.cache/OmnipathR/3ec84ba713c02573704adb50f1a94dab684df34b-1.rds`.
[2024-01-30 18:04:53] [SUCCESS] [OmnipathR] UniProt (rest.uniprot.org): loaded 17167 records from cache
[2024-01-30 18:06:59] [TRACE]   [OmnipathR] Looking up in cache: `https://omnipathdb.org/interactions?genesymbols=yes&datasets=collectri&organisms=10090&dorothea_levels=A,B&fields=evidences,sources,references,curation_effort&loops=yes&license=academic`
[2024-01-30 18:06:59] [TRACE]   [OmnipathR] Loaded data from RDS `/home/heyer/.cache/OmnipathR/107896962c7d5fc50d4cbc51809a591cd50bb105-1.rds`.
[2024-01-30 18:06:59] [INFO]    [OmnipathR] Loaded from cache: `https://omnipathdb.org/interactions?genesymbols=yes&datasets=collectri&organisms=10090&dorothea_levels=A,B&fields=evidences,sources,references,curation_effort&loops=yes&license=academic`
[2024-01-30 18:06:59] [TRACE]   [OmnipathR] Converting JSON column `evidences` to list.
[2024-01-30 18:07:01] [TRACE]   [OmnipathR] Restricting interaction records to datasets: collectri; and resources: any
[2024-01-30 18:07:07] [TRACE]   [OmnipathR] Filtering evidence columns: positive, negative, directed, undirected; to datasets: collectri; and resources: any
[2024-01-30 18:07:43] [SUCCESS] [OmnipathR] Downloaded 38823 interactions.
[2024-01-30 18:09:53] [TRACE]   [OmnipathR] Removing database `Orthologous Matrix (OMA) gene pairs` (not used in the past 300 seconds)
[2024-01-30 18:12:50] [TRACE]   [OmnipathR] Reading JSON from `https://omnipathdb.org/resources` (encoding: UTF-8).
[2024-01-30 18:12:50] [TRACE]   [OmnipathR] JSON validation successful: TRUE
[2024-01-30 18:12:50] [TRACE]   [OmnipathR] Reading JSON from `https://omnipathdb.org/resources` (encoding: UTF-8).
[2024-01-30 18:12:50] [TRACE]   [OmnipathR] JSON validation successful: TRUE
[2024-01-30 18:12:50] [TRACE]   [OmnipathR] Looking up in cache: `https://omnipathdb.org/annotations?resources=PROGENy&license=academic`
[2024-01-30 18:12:52] [TRACE]   [OmnipathR] Loaded data from RDS `/home/heyer/.cache/OmnipathR/3492392585ba05414edfae46801492076437d7e7-1.rds`.
[2024-01-30 18:12:52] [INFO]    [OmnipathR] Loaded from cache: `https://omnipathdb.org/annotations?resources=PROGENy&license=academic`
[2024-01-30 18:12:52] [SUCCESS] [OmnipathR] Loaded 700257 annotation records from cache.
[2024-01-30 18:12:54] [INFO]    [OmnipathR] Loading database `Orthologous Matrix (OMA) gene pairs`.
[2024-01-30 18:12:54] [TRACE]   [OmnipathR] Looking up in cache: `https://omabrowser.org/cgi-bin/gateway.pl?f=PairwiseOrthologs&p1=HUMAN&p2=MOUSE&p3=UniProt`.
[2024-01-30 18:12:54] [TRACE]   [OmnipathR] Loaded data from RDS `/home/heyer/.cache/OmnipathR/793353c9f6658b9d85f18fc09a6b36ba7f0d71db-1.rds`.
[2024-01-30 18:12:54] [INFO]    [OmnipathR] Loaded database `Orthologous Matrix (OMA) gene pairs`.
[2024-01-30 18:12:54] [TRACE]   [OmnipathR] ID translation table: from `uniprot` to `genesymbol`, using `uniprot`.
[2024-01-30 18:12:54] [TRACE]   [OmnipathR] Creating ID mapping table from `accession` to `gene_primary`, for organism 10090 (only reviewed: TRUE)
[2024-01-30 18:12:55] [TRACE]   [OmnipathR] Loading all UniProt records for organism 10090 (only reviewed: TRUE); fields: accession,gene_primary
[2024-01-30 18:12:55] [TRACE]   [OmnipathR] Looking up in cache: `https://rest.uniprot.org/uniprotkb/stream?format=tsv&fields=accession,gene_primary&query=organism_id:10090%20AND%20reviewed:true`.
[2024-01-30 18:12:55] [TRACE]   [OmnipathR] Loaded data from RDS `/home/heyer/.cache/OmnipathR/3ec84ba713c02573704adb50f1a94dab684df34b-1.rds`.
[2024-01-30 18:12:55] [SUCCESS] [OmnipathR] UniProt (rest.uniprot.org): loaded 17167 records from cache
[2024-01-30 18:14:04] [TRACE]   [OmnipathR] Reading JSON from `https://omnipathdb.org/resources` (encoding: UTF-8).
[2024-01-30 18:14:04] [TRACE]   [OmnipathR] JSON validation successful: TRUE
[2024-01-30 18:14:05] [TRACE]   [OmnipathR] Reading JSON from `https://omnipathdb.org/resources` (encoding: UTF-8).
[2024-01-30 18:14:05] [TRACE]   [OmnipathR] JSON validation successful: TRUE
[2024-01-30 18:14:05] [TRACE]   [OmnipathR] Looking up in cache: `https://omnipathdb.org/annotations?resources=PROGENy&license=academic`
[2024-01-30 18:14:06] [TRACE]   [OmnipathR] Loaded data from RDS `/home/heyer/.cache/OmnipathR/3492392585ba05414edfae46801492076437d7e7-1.rds`.
[2024-01-30 18:14:06] [INFO]    [OmnipathR] Loaded from cache: `https://omnipathdb.org/annotations?resources=PROGENy&license=academic`
[2024-01-30 18:14:06] [SUCCESS] [OmnipathR] Loaded 700257 annotation records from cache.
[2024-01-30 18:14:09] [TRACE]   [OmnipathR] ID translation table: from `uniprot` to `genesymbol`, using `uniprot`.
[2024-01-30 18:14:09] [TRACE]   [OmnipathR] Creating ID mapping table from `accession` to `gene_primary`, for organism 10090 (only reviewed: TRUE)
[2024-01-30 18:14:09] [TRACE]   [OmnipathR] Loading all UniProt records for organism 10090 (only reviewed: TRUE); fields: accession,gene_primary
[2024-01-30 18:14:09] [TRACE]   [OmnipathR] Looking up in cache: `https://rest.uniprot.org/uniprotkb/stream?format=tsv&fields=accession,gene_primary&query=organism_id:10090%20AND%20reviewed:true`.
[2024-01-30 18:14:09] [TRACE]   [OmnipathR] Loaded data from RDS `/home/heyer/.cache/OmnipathR/3ec84ba713c02573704adb50f1a94dab684df34b-1.rds`.
[2024-01-30 18:14:09] [SUCCESS] [OmnipathR] UniProt (rest.uniprot.org): loaded 17167 records from cache
[2024-01-30 18:19:10] [TRACE]   [OmnipathR] Removing database `Orthologous Matrix (OMA) gene pairs` (not used in the past 300 seconds)
[2024-01-30 18:20:27] [TRACE]   [OmnipathR] Reading JSON from `https://omnipathdb.org/resources` (encoding: UTF-8).
[2024-01-30 18:20:27] [TRACE]   [OmnipathR] JSON validation successful: TRUE
[2024-01-30 18:20:27] [TRACE]   [OmnipathR] Reading JSON from `https://omnipathdb.org/resources` (encoding: UTF-8).
[2024-01-30 18:20:27] [TRACE]   [OmnipathR] JSON validation successful: TRUE
[2024-01-30 18:20:27] [TRACE]   [OmnipathR] Looking up in cache: `https://omnipathdb.org/annotations?resources=PROGENy&license=academic`
[2024-01-30 18:20:28] [TRACE]   [OmnipathR] Loaded data from RDS `/home/heyer/.cache/OmnipathR/3492392585ba05414edfae46801492076437d7e7-1.rds`.
[2024-01-30 18:20:28] [INFO]    [OmnipathR] Loaded from cache: `https://omnipathdb.org/annotations?resources=PROGENy&license=academic`
[2024-01-30 18:20:28] [SUCCESS] [OmnipathR] Loaded 700257 annotation records from cache.
[2024-01-30 18:20:29] [INFO]    [OmnipathR] Loading database `Orthologous Matrix (OMA) gene pairs`.
[2024-01-30 18:20:29] [TRACE]   [OmnipathR] Looking up in cache: `https://omabrowser.org/cgi-bin/gateway.pl?f=PairwiseOrthologs&p1=HUMAN&p2=MOUSE&p3=UniProt`.
[2024-01-30 18:20:30] [TRACE]   [OmnipathR] Loaded data from RDS `/home/heyer/.cache/OmnipathR/793353c9f6658b9d85f18fc09a6b36ba7f0d71db-1.rds`.
[2024-01-30 18:20:30] [INFO]    [OmnipathR] Loaded database `Orthologous Matrix (OMA) gene pairs`.
[2024-01-30 18:20:30] [TRACE]   [OmnipathR] ID translation table: from `uniprot` to `genesymbol`, using `uniprot`.
[2024-01-30 18:20:30] [TRACE]   [OmnipathR] Creating ID mapping table from `accession` to `gene_primary`, for organism 10090 (only reviewed: TRUE)
[2024-01-30 18:20:30] [TRACE]   [OmnipathR] Loading all UniProt records for organism 10090 (only reviewed: TRUE); fields: accession,gene_primary
[2024-01-30 18:20:30] [TRACE]   [OmnipathR] Looking up in cache: `https://rest.uniprot.org/uniprotkb/stream?format=tsv&fields=accession,gene_primary&query=organism_id:10090%20AND%20reviewed:true`.
[2024-01-30 18:20:30] [TRACE]   [OmnipathR] Loaded data from RDS `/home/heyer/.cache/OmnipathR/3ec84ba713c02573704adb50f1a94dab684df34b-1.rds`.
[2024-01-30 18:20:30] [SUCCESS] [OmnipathR] UniProt (rest.uniprot.org): loaded 17167 records from cache
[2024-01-30 18:25:32] [TRACE]   [OmnipathR] Removing database `Orthologous Matrix (OMA) gene pairs` (not used in the past 300 seconds)
[2024-01-30 20:28:30] [TRACE]   [OmnipathR] Looking up in cache: `https://omnipathdb.org/interactions?genesymbols=yes&datasets=collectri&organisms=10090&dorothea_levels=A,B&fields=evidences,sources,references,curation_effort&loops=yes&license=academic`
[2024-01-30 20:28:30] [TRACE]   [OmnipathR] Loaded data from RDS `/home/heyer/.cache/OmnipathR/107896962c7d5fc50d4cbc51809a591cd50bb105-1.rds`.
[2024-01-30 20:28:30] [INFO]    [OmnipathR] Loaded from cache: `https://omnipathdb.org/interactions?genesymbols=yes&datasets=collectri&organisms=10090&dorothea_levels=A,B&fields=evidences,sources,references,curation_effort&loops=yes&license=academic`
[2024-01-30 20:28:30] [TRACE]   [OmnipathR] Converting JSON column `evidences` to list.
[2024-01-30 20:28:32] [TRACE]   [OmnipathR] Restricting interaction records to datasets: collectri; and resources: any
[2024-01-30 20:28:34] [TRACE]   [OmnipathR] Filtering evidence columns: positive, negative, directed, undirected; to datasets: collectri; and resources: any
[2024-01-30 20:29:09] [SUCCESS] [OmnipathR] Downloaded 38823 interactions.
[2024-01-30 20:30:03] [TRACE]   [OmnipathR] Looking up in cache: `https://omnipathdb.org/interactions?genesymbols=yes&datasets=collectri&organisms=10090&dorothea_levels=A,B&fields=evidences,sources,references,curation_effort&loops=yes&license=academic`
[2024-01-30 20:30:03] [TRACE]   [OmnipathR] Loaded data from RDS `/home/heyer/.cache/OmnipathR/107896962c7d5fc50d4cbc51809a591cd50bb105-1.rds`.
[2024-01-30 20:30:03] [INFO]    [OmnipathR] Loaded from cache: `https://omnipathdb.org/interactions?genesymbols=yes&datasets=collectri&organisms=10090&dorothea_levels=A,B&fields=evidences,sources,references,curation_effort&loops=yes&license=academic`
[2024-01-30 20:30:03] [TRACE]   [OmnipathR] Converting JSON column `evidences` to list.
[2024-01-30 20:30:05] [TRACE]   [OmnipathR] Restricting interaction records to datasets: collectri; and resources: any
[2024-01-30 20:30:07] [TRACE]   [OmnipathR] Filtering evidence columns: positive, negative, directed, undirected; to datasets: collectri; and resources: any
[2024-01-30 20:30:42] [SUCCESS] [OmnipathR] Downloaded 38823 interactions.
[2024-01-30 20:34:36] [TRACE]   [OmnipathR] Looking up in cache: `https://omnipathdb.org/interactions?genesymbols=yes&datasets=collectri&organisms=10090&dorothea_levels=A,B&fields=evidences,sources,references,curation_effort&loops=yes&license=academic`
[2024-01-30 20:34:36] [TRACE]   [OmnipathR] Loaded data from RDS `/home/heyer/.cache/OmnipathR/107896962c7d5fc50d4cbc51809a591cd50bb105-1.rds`.
[2024-01-30 20:34:36] [INFO]    [OmnipathR] Loaded from cache: `https://omnipathdb.org/interactions?genesymbols=yes&datasets=collectri&organisms=10090&dorothea_levels=A,B&fields=evidences,sources,references,curation_effort&loops=yes&license=academic`
[2024-01-30 20:34:36] [TRACE]   [OmnipathR] Converting JSON column `evidences` to list.
[2024-01-30 20:34:38] [TRACE]   [OmnipathR] Restricting interaction records to datasets: collectri; and resources: any
[2024-01-30 20:34:41] [TRACE]   [OmnipathR] Filtering evidence columns: positive, negative, directed, undirected; to datasets: collectri; and resources: any
[2024-01-30 20:35:18] [SUCCESS] [OmnipathR] Downloaded 38823 interactions.
[2024-01-30 20:35:18] [TRACE]   [OmnipathR] Looking up in cache: `https://omnipathdb.org/interactions?genesymbols=yes&datasets=collectri&organisms=10090&dorothea_levels=A,B&fields=evidences,sources,references,curation_effort&loops=yes&license=academic`
[2024-01-30 20:35:19] [TRACE]   [OmnipathR] Loaded data from RDS `/home/heyer/.cache/OmnipathR/107896962c7d5fc50d4cbc51809a591cd50bb105-1.rds`.
[2024-01-30 20:35:19] [INFO]    [OmnipathR] Loaded from cache: `https://omnipathdb.org/interactions?genesymbols=yes&datasets=collectri&organisms=10090&dorothea_levels=A,B&fields=evidences,sources,references,curation_effort&loops=yes&license=academic`
[2024-01-30 20:35:19] [TRACE]   [OmnipathR] Converting JSON column `evidences` to list.
[2024-01-30 20:35:21] [TRACE]   [OmnipathR] Restricting interaction records to datasets: collectri; and resources: any
[2024-01-30 20:35:23] [TRACE]   [OmnipathR] Filtering evidence columns: positive, negative, directed, undirected; to datasets: collectri; and resources: any
[2024-01-30 20:35:58] [SUCCESS] [OmnipathR] Downloaded 38823 interactions.
[2024-01-30 23:35:28] [TRACE]   [OmnipathR] Removing database `Ensembl and OMA organism names` (not used in the past 10800 seconds)
