[2024-05-15 13:35:47] [INFO]    [OmnipathR] Welcome to OmnipathR!
[2024-05-15 13:35:47] [TRACE]   [OmnipathR] Reading JSON from `/home/heyer/.cache/OmnipathR/cache.json` (encoding: UTF-8).
[2024-05-15 13:35:47] [TRACE]   [OmnipathR] JSON validation successful: TRUE
[2024-05-15 13:35:47] [INFO]    [OmnipathR] Initialized cache: `/home/heyer/.cache/OmnipathR`.
[2024-05-15 13:35:47] [TRACE]   [OmnipathR] Reading JSON from `/omics/groups/OE0436/internal/heyer/R_lib/OmnipathR/db/db_def.json` (encoding: UTF-8).
[2024-05-15 13:35:47] [TRACE]   [OmnipathR] JSON validation successful: TRUE
[2024-05-15 13:35:47] [TRACE]   [OmnipathR] Reading JSON from `/omics/groups/OE0436/internal/heyer/R_lib/OmnipathR/internal/magic_bytes.json` (encoding: UTF-8).
[2024-05-15 13:35:47] [TRACE]   [OmnipathR] JSON validation successful: TRUE
[2024-05-15 13:35:47] [TRACE]   [OmnipathR] Reading JSON from `/omics/groups/OE0436/internal/heyer/R_lib/OmnipathR/internal/urls.json` (encoding: UTF-8).
[2024-05-15 13:35:47] [TRACE]   [OmnipathR] JSON validation successful: TRUE
[2024-05-15 13:35:47] [TRACE]   [OmnipathR] Reading JSON from `/omics/groups/OE0436/internal/heyer/R_lib/OmnipathR/internal/id_types.json` (encoding: UTF-8).
[2024-05-15 13:35:47] [TRACE]   [OmnipathR] JSON validation successful: TRUE
[2024-05-15 13:35:47] [INFO]    [OmnipathR] Loading database `Ensembl and OMA organism names`.
[2024-05-15 13:35:47] [INFO]    [OmnipathR] Looking up in cache `https://www.ensembl.org/info/about/species.html`: key=7332486db7400730697234bad76ca0c8e4d00799, latest version=1.
[2024-05-15 13:35:47] [TRACE]   [OmnipathR] Cache file path: /home/heyer/.cache/OmnipathR/7332486db7400730697234bad76ca0c8e4d00799-1.html
[2024-05-15 13:35:48] [TRACE]   [OmnipathR] Looking up in cache: `https://omabrowser.org/All/oma-species.txt`.
[2024-05-15 13:35:48] [TRACE]   [OmnipathR] Loaded data from RDS `/home/heyer/.cache/OmnipathR/30e690cbb55dfc63b5903ab337f34ffc2f4be397-1.rds`.
[2024-05-15 13:35:48] [INFO]    [OmnipathR] Loaded database `Ensembl and OMA organism names`.
[2024-05-15 13:35:48] [TRACE]   [OmnipathR] Looking up in cache: `https://omnipathdb.org/interactions?genesymbols=yes&datasets=collectri&organisms=10090&dorothea_levels=A,B&fields=evidences,sources,references,curation_effort&loops=yes&license=academic`
[2024-05-15 13:35:48] [TRACE]   [OmnipathR] Loaded data from RDS `/home/heyer/.cache/OmnipathR/107896962c7d5fc50d4cbc51809a591cd50bb105-1.rds`.
[2024-05-15 13:35:48] [INFO]    [OmnipathR] Loaded from cache: `https://omnipathdb.org/interactions?genesymbols=yes&datasets=collectri&organisms=10090&dorothea_levels=A,B&fields=evidences,sources,references,curation_effort&loops=yes&license=academic`
[2024-05-15 13:35:48] [TRACE]   [OmnipathR] Converting JSON column `evidences` to list.
[2024-05-15 13:35:51] [TRACE]   [OmnipathR] Restricting interaction records to datasets: collectri; and resources: any
[2024-05-15 13:35:54] [TRACE]   [OmnipathR] Filtering evidence columns: positive, negative, directed, undirected; to datasets: collectri; and resources: any
[2024-05-15 13:36:27] [SUCCESS] [OmnipathR] Downloaded 38823 interactions.
