[2024-05-29 15:42:24] [INFO]    [OmnipathR] Welcome to OmnipathR!
[2024-05-29 15:42:24] [TRACE]   [OmnipathR] Reading JSON from `/home/heyer/.cache/OmnipathR/cache.json` (encoding: UTF-8).
[2024-05-29 15:42:24] [TRACE]   [OmnipathR] JSON validation successful: TRUE
[2024-05-29 15:42:24] [INFO]    [OmnipathR] Initialized cache: `/home/heyer/.cache/OmnipathR`.
[2024-05-29 15:42:24] [TRACE]   [OmnipathR] Reading JSON from `/omics/groups/OE0436/internal/heyer/R_lib/OmnipathR/db/db_def.json` (encoding: UTF-8).
[2024-05-29 15:42:24] [TRACE]   [OmnipathR] JSON validation successful: TRUE
[2024-05-29 15:42:24] [TRACE]   [OmnipathR] Reading JSON from `/omics/groups/OE0436/internal/heyer/R_lib/OmnipathR/internal/magic_bytes.json` (encoding: UTF-8).
[2024-05-29 15:42:24] [TRACE]   [OmnipathR] JSON validation successful: TRUE
[2024-05-29 15:42:24] [TRACE]   [OmnipathR] Reading JSON from `/omics/groups/OE0436/internal/heyer/R_lib/OmnipathR/internal/urls.json` (encoding: UTF-8).
[2024-05-29 15:42:24] [TRACE]   [OmnipathR] JSON validation successful: TRUE
[2024-05-29 15:42:24] [TRACE]   [OmnipathR] Reading JSON from `/omics/groups/OE0436/internal/heyer/R_lib/OmnipathR/internal/id_types.json` (encoding: UTF-8).
[2024-05-29 15:42:24] [TRACE]   [OmnipathR] JSON validation successful: TRUE
[2024-05-29 15:42:24] [TRACE]   [OmnipathR] Reading JSON from `https://omnipathdb.org/resources` (encoding: UTF-8).
[2024-05-29 15:42:24] [TRACE]   [OmnipathR] JSON validation successful: TRUE
[2024-05-29 15:42:24] [INFO]    [OmnipathR] Loading database `Ensembl and OMA organism names`.
[2024-05-29 15:42:24] [INFO]    [OmnipathR] Looking up in cache `https://www.ensembl.org/info/about/species.html`: key=7332486db7400730697234bad76ca0c8e4d00799, latest version=1.
[2024-05-29 15:42:24] [TRACE]   [OmnipathR] Cache file path: /home/heyer/.cache/OmnipathR/7332486db7400730697234bad76ca0c8e4d00799-1.html
[2024-05-29 15:42:25] [TRACE]   [OmnipathR] Looking up in cache: `https://omabrowser.org/All/oma-species.txt`.
[2024-05-29 15:42:25] [TRACE]   [OmnipathR] Loaded data from RDS `/home/heyer/.cache/OmnipathR/30e690cbb55dfc63b5903ab337f34ffc2f4be397-1.rds`.
[2024-05-29 15:42:25] [INFO]    [OmnipathR] Loaded database `Ensembl and OMA organism names`.
[2024-05-29 15:42:25] [TRACE]   [OmnipathR] Reading JSON from `https://omnipathdb.org/resources` (encoding: UTF-8).
[2024-05-29 15:42:25] [TRACE]   [OmnipathR] JSON validation successful: TRUE
[2024-05-29 15:42:25] [TRACE]   [OmnipathR] Looking up in cache: `https://omnipathdb.org/annotations?resources=PROGENy&license=academic`
[2024-05-29 15:42:27] [TRACE]   [OmnipathR] Loaded data from RDS `/home/heyer/.cache/OmnipathR/3492392585ba05414edfae46801492076437d7e7-1.rds`.
[2024-05-29 15:42:27] [INFO]    [OmnipathR] Loaded from cache: `https://omnipathdb.org/annotations?resources=PROGENy&license=academic`
[2024-05-29 15:42:27] [SUCCESS] [OmnipathR] Loaded 700257 annotation records from cache.
[2024-05-29 15:42:29] [INFO]    [OmnipathR] Loading database `Orthologous Matrix (OMA) gene pairs`.
[2024-05-29 15:42:29] [TRACE]   [OmnipathR] Looking up in cache: `https://omabrowser.org/All/oma-species.txt`.
[2024-05-29 15:42:29] [TRACE]   [OmnipathR] Loaded data from RDS `/home/heyer/.cache/OmnipathR/30e690cbb55dfc63b5903ab337f34ffc2f4be397-1.rds`.
[2024-05-29 15:42:29] [TRACE]   [OmnipathR] Looking up in cache: `https://omabrowser.org/All/oma-species.txt`.
[2024-05-29 15:42:29] [TRACE]   [OmnipathR] Loaded data from RDS `/home/heyer/.cache/OmnipathR/30e690cbb55dfc63b5903ab337f34ffc2f4be397-1.rds`.
[2024-05-29 15:42:29] [TRACE]   [OmnipathR] Looking up in cache: `https://omabrowser.org/api/pairs/HUMAN/MOUSE/?format=tsv&xrefs=UniProtKB%2FSwissProt&per_page=2000000`.
[2024-05-29 15:42:29] [INFO]    [OmnipathR] Cache record does not exist: `https://omabrowser.org/api/pairs/HUMAN/MOUSE/?format=tsv&xrefs=UniProtKB%2FSwissProt&per_page=2000000`
[2024-05-29 15:42:29] [TRACE]   [OmnipathR] Could not find in cache, initiating download: `https://omabrowser.org/api/pairs/HUMAN/MOUSE/?format=tsv&xrefs=UniProtKB%2FSwissProt&per_page=2000000`.
[2024-05-29 15:42:29] [TRACE]   [OmnipathR] Reading JSON from `/home/heyer/.cache/OmnipathR/cache.json` (encoding: UTF-8).
[2024-05-29 15:42:29] [TRACE]   [OmnipathR] JSON validation successful: TRUE
[2024-05-29 15:42:29] [TRACE]   [OmnipathR] Reading JSON from `/home/heyer/.cache/OmnipathR/cache.json` (encoding: UTF-8).
[2024-05-29 15:42:29] [TRACE]   [OmnipathR] JSON validation successful: TRUE
[2024-05-29 15:42:29] [INFO]    [OmnipathR] Cache item `8f45b25c384d814c7de210e7ca40b7e35894e4f1` version 1: status changed from `unknown` to `started`.
[2024-05-29 15:42:29] [TRACE]   [OmnipathR] Exporting object to RDS: `/home/heyer/.cache/OmnipathR/8f45b25c384d814c7de210e7ca40b7e35894e4f1-1.rds`.
[2024-05-29 15:42:29] [INFO]    [OmnipathR] Retrieving URL: `https://omabrowser.org/api/pairs/HUMAN/MOUSE/?format=tsv&xrefs=UniProtKB%2FSwissProt&per_page=2000000`
[2024-05-29 15:42:29] [TRACE]   [OmnipathR] Attempt 1/3: `https://omabrowser.org/api/pairs/HUMAN/MOUSE/?format=tsv&xrefs=UniProtKB%2FSwissProt&per_page=2000000`
[2024-05-29 15:42:55] [TRACE]   [OmnipathR] Exported RDS to `/home/heyer/.cache/OmnipathR/8f45b25c384d814c7de210e7ca40b7e35894e4f1-1.rds`.
[2024-05-29 15:42:55] [INFO]    [OmnipathR] Download ready [key=8f45b25c384d814c7de210e7ca40b7e35894e4f1, version=1]
[2024-05-29 15:42:55] [TRACE]   [OmnipathR] Reading JSON from `/home/heyer/.cache/OmnipathR/cache.json` (encoding: UTF-8).
[2024-05-29 15:42:55] [TRACE]   [OmnipathR] JSON validation successful: TRUE
[2024-05-29 15:42:55] [INFO]    [OmnipathR] Cache item `8f45b25c384d814c7de210e7ca40b7e35894e4f1` version 1: status changed from `started` to `ready`.
[2024-05-29 15:42:57] [TRACE]   [OmnipathR] ID translation table: from `uniprot_entry` to `uniprot`, using `uniprot`.
[2024-05-29 15:42:57] [TRACE]   [OmnipathR] Creating ID mapping table from `id` to `accession`, for organism 9606 (only reviewed: TRUE)
[2024-05-29 15:42:57] [TRACE]   [OmnipathR] Loading all UniProt records for organism 9606 (only reviewed: TRUE); fields: id,accession
[2024-05-29 15:42:57] [TRACE]   [OmnipathR] Looking up in cache: `https://rest.uniprot.org/uniprotkb/stream?format=tsv&fields=id,accession&query=organism_id:9606%20AND%20reviewed:true`.
[2024-05-29 15:42:57] [INFO]    [OmnipathR] Cache record does not exist: `https://rest.uniprot.org/uniprotkb/stream?format=tsv&fields=id,accession&query=organism_id:9606%20AND%20reviewed:true`
[2024-05-29 15:42:57] [TRACE]   [OmnipathR] Could not find in cache, initiating download: `https://rest.uniprot.org/uniprotkb/stream?format=tsv&fields=id,accession&query=organism_id:9606%20AND%20reviewed:true`.
[2024-05-29 15:42:57] [TRACE]   [OmnipathR] Reading JSON from `/home/heyer/.cache/OmnipathR/cache.json` (encoding: UTF-8).
[2024-05-29 15:42:57] [TRACE]   [OmnipathR] JSON validation successful: TRUE
[2024-05-29 15:42:57] [TRACE]   [OmnipathR] Reading JSON from `/home/heyer/.cache/OmnipathR/cache.json` (encoding: UTF-8).
[2024-05-29 15:42:57] [TRACE]   [OmnipathR] JSON validation successful: TRUE
[2024-05-29 15:42:57] [INFO]    [OmnipathR] Cache item `6558a1824894a625b8e3f80538cd3aa6e8a44379` version 1: status changed from `unknown` to `started`.
[2024-05-29 15:42:57] [TRACE]   [OmnipathR] Exporting object to RDS: `/home/heyer/.cache/OmnipathR/6558a1824894a625b8e3f80538cd3aa6e8a44379-1.rds`.
[2024-05-29 15:42:57] [INFO]    [OmnipathR] Retrieving URL: `https://rest.uniprot.org/uniprotkb/stream?format=tsv&fields=id,accession&query=organism_id:9606%20AND%20reviewed:true`
[2024-05-29 15:42:57] [TRACE]   [OmnipathR] Attempt 1/3: `https://rest.uniprot.org/uniprotkb/stream?format=tsv&fields=id,accession&query=organism_id:9606%20AND%20reviewed:true`
[2024-05-29 15:43:17] [TRACE]   [OmnipathR] Exported RDS to `/home/heyer/.cache/OmnipathR/6558a1824894a625b8e3f80538cd3aa6e8a44379-1.rds`.
[2024-05-29 15:43:17] [INFO]    [OmnipathR] Download ready [key=6558a1824894a625b8e3f80538cd3aa6e8a44379, version=1]
[2024-05-29 15:43:17] [TRACE]   [OmnipathR] Reading JSON from `/home/heyer/.cache/OmnipathR/cache.json` (encoding: UTF-8).
[2024-05-29 15:43:17] [TRACE]   [OmnipathR] JSON validation successful: TRUE
[2024-05-29 15:43:17] [INFO]    [OmnipathR] Cache item `6558a1824894a625b8e3f80538cd3aa6e8a44379` version 1: status changed from `started` to `ready`.
[2024-05-29 15:43:17] [SUCCESS] [OmnipathR] UniProt (rest.uniprot.org): downloaded 20435 records
[2024-05-29 15:43:18] [TRACE]   [OmnipathR] ID translation table: from `uniprot_entry` to `uniprot`, using `uniprot`.
[2024-05-29 15:43:18] [TRACE]   [OmnipathR] Creating ID mapping table from `id` to `accession`, for organism 10090 (only reviewed: TRUE)
[2024-05-29 15:43:18] [TRACE]   [OmnipathR] Loading all UniProt records for organism 10090 (only reviewed: TRUE); fields: id,accession
[2024-05-29 15:43:18] [TRACE]   [OmnipathR] Looking up in cache: `https://rest.uniprot.org/uniprotkb/stream?format=tsv&fields=id,accession&query=organism_id:10090%20AND%20reviewed:true`.
[2024-05-29 15:43:18] [INFO]    [OmnipathR] Cache record does not exist: `https://rest.uniprot.org/uniprotkb/stream?format=tsv&fields=id,accession&query=organism_id:10090%20AND%20reviewed:true`
[2024-05-29 15:43:18] [TRACE]   [OmnipathR] Could not find in cache, initiating download: `https://rest.uniprot.org/uniprotkb/stream?format=tsv&fields=id,accession&query=organism_id:10090%20AND%20reviewed:true`.
[2024-05-29 15:43:18] [TRACE]   [OmnipathR] Reading JSON from `/home/heyer/.cache/OmnipathR/cache.json` (encoding: UTF-8).
[2024-05-29 15:43:18] [TRACE]   [OmnipathR] JSON validation successful: TRUE
[2024-05-29 15:43:18] [TRACE]   [OmnipathR] Reading JSON from `/home/heyer/.cache/OmnipathR/cache.json` (encoding: UTF-8).
[2024-05-29 15:43:18] [TRACE]   [OmnipathR] JSON validation successful: TRUE
[2024-05-29 15:43:18] [INFO]    [OmnipathR] Cache item `43ea5f2cdaa9ac7e0e114371af97235cdddd776f` version 1: status changed from `unknown` to `started`.
[2024-05-29 15:43:18] [TRACE]   [OmnipathR] Exporting object to RDS: `/home/heyer/.cache/OmnipathR/43ea5f2cdaa9ac7e0e114371af97235cdddd776f-1.rds`.
[2024-05-29 15:43:18] [INFO]    [OmnipathR] Retrieving URL: `https://rest.uniprot.org/uniprotkb/stream?format=tsv&fields=id,accession&query=organism_id:10090%20AND%20reviewed:true`
[2024-05-29 15:43:18] [TRACE]   [OmnipathR] Attempt 1/3: `https://rest.uniprot.org/uniprotkb/stream?format=tsv&fields=id,accession&query=organism_id:10090%20AND%20reviewed:true`
[2024-05-29 15:43:29] [TRACE]   [OmnipathR] Exported RDS to `/home/heyer/.cache/OmnipathR/43ea5f2cdaa9ac7e0e114371af97235cdddd776f-1.rds`.
[2024-05-29 15:43:29] [INFO]    [OmnipathR] Download ready [key=43ea5f2cdaa9ac7e0e114371af97235cdddd776f, version=1]
[2024-05-29 15:43:29] [TRACE]   [OmnipathR] Reading JSON from `/home/heyer/.cache/OmnipathR/cache.json` (encoding: UTF-8).
[2024-05-29 15:43:29] [TRACE]   [OmnipathR] JSON validation successful: TRUE
[2024-05-29 15:43:29] [INFO]    [OmnipathR] Cache item `43ea5f2cdaa9ac7e0e114371af97235cdddd776f` version 1: status changed from `started` to `ready`.
[2024-05-29 15:43:29] [SUCCESS] [OmnipathR] UniProt (rest.uniprot.org): downloaded 17212 records
[2024-05-29 15:43:30] [INFO]    [OmnipathR] Loaded database `Orthologous Matrix (OMA) gene pairs`.
[2024-05-29 15:43:30] [TRACE]   [OmnipathR] ID translation table: from `uniprot` to `genesymbol`, using `uniprot`.
[2024-05-29 15:43:30] [TRACE]   [OmnipathR] Creating ID mapping table from `accession` to `gene_primary`, for organism 10090 (only reviewed: TRUE)
[2024-05-29 15:43:30] [TRACE]   [OmnipathR] Loading all UniProt records for organism 10090 (only reviewed: TRUE); fields: accession,gene_primary
[2024-05-29 15:43:30] [TRACE]   [OmnipathR] Looking up in cache: `https://rest.uniprot.org/uniprotkb/stream?format=tsv&fields=accession,gene_primary&query=organism_id:10090%20AND%20reviewed:true`.
[2024-05-29 15:43:30] [TRACE]   [OmnipathR] Loaded data from RDS `/home/heyer/.cache/OmnipathR/3ec84ba713c02573704adb50f1a94dab684df34b-1.rds`.
[2024-05-29 15:43:30] [SUCCESS] [OmnipathR] UniProt (rest.uniprot.org): loaded 17167 records from cache
[2024-05-29 15:46:25] [TRACE]   [OmnipathR] Reading JSON from `https://omnipathdb.org/resources` (encoding: UTF-8).
[2024-05-29 15:46:25] [TRACE]   [OmnipathR] JSON validation successful: TRUE
[2024-05-29 15:46:26] [TRACE]   [OmnipathR] Reading JSON from `https://omnipathdb.org/resources` (encoding: UTF-8).
[2024-05-29 15:46:26] [TRACE]   [OmnipathR] JSON validation successful: TRUE
[2024-05-29 15:46:26] [TRACE]   [OmnipathR] Looking up in cache: `https://omnipathdb.org/annotations?resources=PROGENy&license=academic`
[2024-05-29 15:46:29] [TRACE]   [OmnipathR] Loaded data from RDS `/home/heyer/.cache/OmnipathR/3492392585ba05414edfae46801492076437d7e7-1.rds`.
[2024-05-29 15:46:29] [INFO]    [OmnipathR] Loaded from cache: `https://omnipathdb.org/annotations?resources=PROGENy&license=academic`
[2024-05-29 15:46:29] [SUCCESS] [OmnipathR] Loaded 700257 annotation records from cache.
[2024-05-29 15:46:31] [TRACE]   [OmnipathR] ID translation table: from `uniprot` to `genesymbol`, using `uniprot`.
[2024-05-29 15:46:31] [TRACE]   [OmnipathR] Creating ID mapping table from `accession` to `gene_primary`, for organism 10090 (only reviewed: TRUE)
[2024-05-29 15:46:31] [TRACE]   [OmnipathR] Loading all UniProt records for organism 10090 (only reviewed: TRUE); fields: accession,gene_primary
[2024-05-29 15:46:31] [TRACE]   [OmnipathR] Looking up in cache: `https://rest.uniprot.org/uniprotkb/stream?format=tsv&fields=accession,gene_primary&query=organism_id:10090%20AND%20reviewed:true`.
[2024-05-29 15:46:31] [TRACE]   [OmnipathR] Loaded data from RDS `/home/heyer/.cache/OmnipathR/3ec84ba713c02573704adb50f1a94dab684df34b-1.rds`.
[2024-05-29 15:46:31] [SUCCESS] [OmnipathR] UniProt (rest.uniprot.org): loaded 17167 records from cache
[2024-05-29 15:51:40] [TRACE]   [OmnipathR] Removing database `Orthologous Matrix (OMA) gene pairs` (not used in the past 300 seconds)
